Determining if the pthread_create exist failed with the following output:
Change Dir: /home/dennis/project_ws/build/joint_state_publisher/CMakeFiles/CMakeTmp

Run Build Command:"/usr/bin/make" "cmTC_c7708/fast"
/usr/bin/make -f CMakeFiles/cmTC_c7708.dir/build.make CMakeFiles/cmTC_c7708.dir/build
make[1]: Entering directory '/home/dennis/project_ws/build/joint_state_publisher/CMakeFiles/CMakeTmp'
Building C object CMakeFiles/cmTC_c7708.dir/CheckSymbolExists.c.o
/usr/bin/cc    -o CMakeFiles/cmTC_c7708.dir/CheckSymbolExists.c.o   -c /home/dennis/project_ws/build/joint_state_publisher/CMakeFiles/CMakeTmp/CheckSymbolExists.c
Linking C executable cmTC_c7708
/usr/bin/cmake -E cmake_link_script CMakeFiles/cmTC_c7708.dir/link.txt --verbose=1
/usr/bin/cc      -rdynamic CMakeFiles/cmTC_c7708.dir/CheckSymbolExists.c.o  -o cmTC_c7708 
CMakeFiles/cmTC_c7708.dir/CheckSymbolExists.c.o: In function `main':
CheckSymbolExists.c:(.text+0x1b): undefined reference to `pthread_create'
collect2: error: ld returned 1 exit status
CMakeFiles/cmTC_c7708.dir/build.make:97: recipe for target 'cmTC_c7708' failed
make[1]: *** [cmTC_c7708] Error 1
make[1]: Leaving directory '/home/dennis/project_ws/build/joint_state_publisher/CMakeFiles/CMakeTmp'
Makefile:126: recipe for target 'cmTC_c7708/fast' failed
make: *** [cmTC_c7708/fast] Error 2

File /home/dennis/project_ws/build/joint_state_publisher/CMakeFiles/CMakeTmp/CheckSymbolExists.c:
/* */
#include <pthread.h>

int main(int argc, char** argv)
{
  (void)argv;
#ifndef pthread_create
  return ((int*)(&pthread_create))[argc];
#else
  (void)argc;
  return 0;
#endif
}

Determining if the function pthread_create exists in the pthreads failed with the following output:
Change Dir: /home/dennis/project_ws/build/joint_state_publisher/CMakeFiles/CMakeTmp

Run Build Command:"/usr/bin/make" "cmTC_fb95f/fast"
/usr/bin/make -f CMakeFiles/cmTC_fb95f.dir/build.make CMakeFiles/cmTC_fb95f.dir/build
make[1]: Entering directory '/home/dennis/project_ws/build/joint_state_publisher/CMakeFiles/CMakeTmp'
Building C object CMakeFiles/cmTC_fb95f.dir/CheckFunctionExists.c.o
/usr/bin/cc   -DCHECK_FUNCTION_EXISTS=pthread_create   -o CMakeFiles/cmTC_fb95f.dir/CheckFunctionExists.c.o   -c /usr/share/cmake-3.10/Modules/CheckFunctionExists.c
Linking C executable cmTC_fb95f
/usr/bin/cmake -E cmake_link_script CMakeFiles/cmTC_fb95f.dir/link.txt --verbose=1
/usr/bin/cc  -DCHECK_FUNCTION_EXISTS=pthread_create    -rdynamic CMakeFiles/cmTC_fb95f.dir/CheckFunctionExists.c.o  -o cmTC_fb95f -lpthreads 
/usr/bin/ld: cannot find -lpthreads
collect2: error: ld returned 1 exit status
CMakeFiles/cmTC_fb95f.dir/build.make:97: recipe for target 'cmTC_fb95f' failed
make[1]: *** [cmTC_fb95f] Error 1
make[1]: Leaving directory '/home/dennis/project_ws/build/joint_state_publisher/CMakeFiles/CMakeTmp'
Makefile:126: recipe for target 'cmTC_fb95f/fast' failed
make: *** [cmTC_fb95f/fast] Error 2


