Performing C SOURCE FILE Test CMAKE_HAVE_LIBC_PTHREAD failed with the following output:
Change Dir: /home/dennis/project_ws/build/joint_state_controller/CMakeFiles/CMakeTmp

Run Build Command(s):/usr/bin/make -f Makefile cmTC_2042d/fast && /usr/bin/make  -f CMakeFiles/cmTC_2042d.dir/build.make CMakeFiles/cmTC_2042d.dir/build
make[1]: Entering directory '/home/dennis/project_ws/build/joint_state_controller/CMakeFiles/CMakeTmp'
Building C object CMakeFiles/cmTC_2042d.dir/src.c.o
/usr/bin/cc -DCMAKE_HAVE_LIBC_PTHREAD   -o CMakeFiles/cmTC_2042d.dir/src.c.o -c /home/dennis/project_ws/build/joint_state_controller/CMakeFiles/CMakeTmp/src.c
Linking C executable cmTC_2042d
/home/dennis/.local/lib/python2.7/site-packages/cmake/data/bin/cmake -E cmake_link_script CMakeFiles/cmTC_2042d.dir/link.txt --verbose=1
/usr/bin/cc -rdynamic CMakeFiles/cmTC_2042d.dir/src.c.o -o cmTC_2042d 
CMakeFiles/cmTC_2042d.dir/src.c.o: In function `main':
src.c:(.text+0x3e): undefined reference to `pthread_create'
src.c:(.text+0x4a): undefined reference to `pthread_detach'
src.c:(.text+0x56): undefined reference to `pthread_cancel'
src.c:(.text+0x67): undefined reference to `pthread_join'
src.c:(.text+0x7b): undefined reference to `pthread_atfork'
collect2: error: ld returned 1 exit status
CMakeFiles/cmTC_2042d.dir/build.make:98: recipe for target 'cmTC_2042d' failed
make[1]: *** [cmTC_2042d] Error 1
make[1]: Leaving directory '/home/dennis/project_ws/build/joint_state_controller/CMakeFiles/CMakeTmp'
Makefile:127: recipe for target 'cmTC_2042d/fast' failed
make: *** [cmTC_2042d/fast] Error 2


Source file was:
#include <pthread.h>

static void* test_func(void* data)
{
  return data;
}

int main(void)
{
  pthread_t thread;
  pthread_create(&thread, NULL, test_func, NULL);
  pthread_detach(thread);
  pthread_cancel(thread);
  pthread_join(thread, NULL);
  pthread_atfork(NULL, NULL, NULL);
  pthread_exit(NULL);

  return 0;
}

Determining if the function pthread_create exists in the pthreads failed with the following output:
Change Dir: /home/dennis/project_ws/build/joint_state_controller/CMakeFiles/CMakeTmp

Run Build Command(s):/usr/bin/make -f Makefile cmTC_e94da/fast && /usr/bin/make  -f CMakeFiles/cmTC_e94da.dir/build.make CMakeFiles/cmTC_e94da.dir/build
make[1]: Entering directory '/home/dennis/project_ws/build/joint_state_controller/CMakeFiles/CMakeTmp'
Building C object CMakeFiles/cmTC_e94da.dir/CheckFunctionExists.c.o
/usr/bin/cc   -DCHECK_FUNCTION_EXISTS=pthread_create -o CMakeFiles/cmTC_e94da.dir/CheckFunctionExists.c.o -c /home/dennis/.local/lib/python2.7/site-packages/cmake/data/share/cmake-3.21/Modules/CheckFunctionExists.c
Linking C executable cmTC_e94da
/home/dennis/.local/lib/python2.7/site-packages/cmake/data/bin/cmake -E cmake_link_script CMakeFiles/cmTC_e94da.dir/link.txt --verbose=1
/usr/bin/cc  -DCHECK_FUNCTION_EXISTS=pthread_create -rdynamic CMakeFiles/cmTC_e94da.dir/CheckFunctionExists.c.o -o cmTC_e94da  -lpthreads 
/usr/bin/ld: cannot find -lpthreads
collect2: error: ld returned 1 exit status
CMakeFiles/cmTC_e94da.dir/build.make:98: recipe for target 'cmTC_e94da' failed
make[1]: *** [cmTC_e94da] Error 1
make[1]: Leaving directory '/home/dennis/project_ws/build/joint_state_controller/CMakeFiles/CMakeTmp'
Makefile:127: recipe for target 'cmTC_e94da/fast' failed
make: *** [cmTC_e94da/fast] Error 2



