Not searching for unused variables given on the command line.
[36m--[0m Using CATKIN_DEVEL_PREFIX: /home/dennis/project_ws/devel/.private/four_wheel_steering_controller
[36m--[0m Using CMAKE_PREFIX_PATH: /home/dennis/project_ws/devel;/opt/ros/melodic
[36m--[0m This workspace overlays: /home/dennis/project_ws/devel;/opt/ros/melodic
[36m--[0m Found PythonInterp: /usr/bin/python2 (found suitable version "2.7.17", minimum required is "2")
[36m--[0m Using PYTHON_EXECUTABLE: /usr/bin/python2
[36m--[0m Using Debian Python package layout
[36m--[0m Using empy: /usr/bin/empy
[36m--[0m Using CATKIN_ENABLE_TESTING: ON
[36m--[0m Call enable_testing()
[36m--[0m Using CATKIN_TEST_RESULTS_DIR: /home/dennis/project_ws/build/four_wheel_steering_controller/test_results
[36m--[0m Found gtest sources under '/usr/src/googletest': gtests will be built
[36m--[0m Found gmock sources under '/usr/src/googletest': gmock will be built
[0mCMake Deprecation Warning at /usr/src/googletest/CMakeLists.txt:1 (cmake_minimum_required):
  Compatibility with CMake < 2.8.12 will be removed from a future version of
  CMake.

  Update the VERSION argument <min> value or use a ...<max> suffix to tell
  CMake that the project does not need compatibility with older versions.

[0m
[0mCMake Deprecation Warning at /usr/src/googletest/googlemock/CMakeLists.txt:41 (cmake_minimum_required):
  Compatibility with CMake < 2.8.12 will be removed from a future version of
  CMake.

  Update the VERSION argument <min> value or use a ...<max> suffix to tell
  CMake that the project does not need compatibility with older versions.

[0m
[0mCMake Deprecation Warning at /usr/src/googletest/googletest/CMakeLists.txt:48 (cmake_minimum_required):
  Compatibility with CMake < 2.8.12 will be removed from a future version of
  CMake.

  Update the VERSION argument <min> value or use a ...<max> suffix to tell
  CMake that the project does not need compatibility with older versions.

[0m
[36m--[0m Found PythonInterp: /usr/bin/python2 (found version "2.7.17")
[36m--[0m Using Python nosetests: /usr/bin/nosetests-2.7
[36m--[0m catkin 0.7.29
[36m--[0m BUILD_SHARED_LIBS is on
[36m--[0m Could NOT find four_wheel_steering_msgs (missing: four_wheel_steering_msgs_DIR)
[36m--[0m Could not find the required component 'four_wheel_steering_msgs'. The following CMake error indicates that you either need to install the package with the same name or change your environment so that it can be found.
[31mCMake Error at /opt/ros/melodic/share/catkin/cmake/catkinConfig.cmake:83 (find_package):
  Could not find a package configuration file provided by
  "four_wheel_steering_msgs" with any of the following names:

    four_wheel_steering_msgsConfig.cmake
    four_wheel_steering_msgs-config.cmake

  Add the installation prefix of "four_wheel_steering_msgs" to
  CMAKE_PREFIX_PATH or set "four_wheel_steering_msgs_DIR" to a directory
  containing one of the above files.  If "four_wheel_steering_msgs" provides
  a separate development package or SDK, be sure it has been installed.
[36mCall Stack (most recent call first):[0m
  CMakeLists.txt:10 (find_package)

[0m
[36m--[0m Configuring incomplete, errors occurred!
See also "/home/dennis/project_ws/build/four_wheel_steering_controller/CMakeFiles/CMakeOutput.log".
See also "/home/dennis/project_ws/build/four_wheel_steering_controller/CMakeFiles/CMakeError.log".
