Determining if the pthread_create exist failed with the following output:
Change Dir: /home/dennis/project_ws/build/apriltag/CMakeFiles/CMakeTmp

Run Build Command:"/usr/bin/make" "cmTC_471e5/fast"
/usr/bin/make -f CMakeFiles/cmTC_471e5.dir/build.make CMakeFiles/cmTC_471e5.dir/build
make[1]: Entering directory '/home/dennis/project_ws/build/apriltag/CMakeFiles/CMakeTmp'
Building C object CMakeFiles/cmTC_471e5.dir/CheckSymbolExists.c.o
/usr/bin/cc    -o CMakeFiles/cmTC_471e5.dir/CheckSymbolExists.c.o   -c /home/dennis/project_ws/build/apriltag/CMakeFiles/CMakeTmp/CheckSymbolExists.c
Linking C executable cmTC_471e5
/usr/bin/cmake -E cmake_link_script CMakeFiles/cmTC_471e5.dir/link.txt --verbose=1
/usr/bin/cc      -rdynamic CMakeFiles/cmTC_471e5.dir/CheckSymbolExists.c.o  -o cmTC_471e5 
CMakeFiles/cmTC_471e5.dir/CheckSymbolExists.c.o: In function `main':
CheckSymbolExists.c:(.text+0x1b): undefined reference to `pthread_create'
collect2: error: ld returned 1 exit status
CMakeFiles/cmTC_471e5.dir/build.make:97: recipe for target 'cmTC_471e5' failed
make[1]: *** [cmTC_471e5] Error 1
make[1]: Leaving directory '/home/dennis/project_ws/build/apriltag/CMakeFiles/CMakeTmp'
Makefile:126: recipe for target 'cmTC_471e5/fast' failed
make: *** [cmTC_471e5/fast] Error 2

File /home/dennis/project_ws/build/apriltag/CMakeFiles/CMakeTmp/CheckSymbolExists.c:
/* */
#include <pthread.h>

int main(int argc, char** argv)
{
  (void)argv;
#ifndef pthread_create
  return ((int*)(&pthread_create))[argc];
#else
  (void)argc;
  return 0;
#endif
}

Determining if the function pthread_create exists in the pthreads failed with the following output:
Change Dir: /home/dennis/project_ws/build/apriltag/CMakeFiles/CMakeTmp

Run Build Command:"/usr/bin/make" "cmTC_82120/fast"
/usr/bin/make -f CMakeFiles/cmTC_82120.dir/build.make CMakeFiles/cmTC_82120.dir/build
make[1]: Entering directory '/home/dennis/project_ws/build/apriltag/CMakeFiles/CMakeTmp'
Building C object CMakeFiles/cmTC_82120.dir/CheckFunctionExists.c.o
/usr/bin/cc   -DCHECK_FUNCTION_EXISTS=pthread_create   -o CMakeFiles/cmTC_82120.dir/CheckFunctionExists.c.o   -c /usr/share/cmake-3.10/Modules/CheckFunctionExists.c
Linking C executable cmTC_82120
/usr/bin/cmake -E cmake_link_script CMakeFiles/cmTC_82120.dir/link.txt --verbose=1
/usr/bin/cc  -DCHECK_FUNCTION_EXISTS=pthread_create    -rdynamic CMakeFiles/cmTC_82120.dir/CheckFunctionExists.c.o  -o cmTC_82120 -lpthreads 
/usr/bin/ld: cannot find -lpthreads
collect2: error: ld returned 1 exit status
CMakeFiles/cmTC_82120.dir/build.make:97: recipe for target 'cmTC_82120' failed
make[1]: *** [cmTC_82120] Error 1
make[1]: Leaving directory '/home/dennis/project_ws/build/apriltag/CMakeFiles/CMakeTmp'
Makefile:126: recipe for target 'cmTC_82120/fast' failed
make: *** [cmTC_82120/fast] Error 2


