Symlinking /home/dennis/project_ws/devel/lib/pkgconfig/kinematics.pc
Symlinking /home/dennis/project_ws/devel/lib/python2.7/dist-packages/kinematics/__init__.py
Symlinking /home/dennis/project_ws/devel/lib/python2.7/dist-packages/kinematics/srv/_MoveJoint.py
Symlinking /home/dennis/project_ws/devel/lib/python2.7/dist-packages/kinematics/srv/__init__.py
Symlinking /home/dennis/project_ws/devel/lib/python2.7/dist-packages/kinematics/msg/_joint_angles.py
Symlinking /home/dennis/project_ws/devel/lib/python2.7/dist-packages/kinematics/msg/__init__.py
Symlinking /home/dennis/project_ws/devel/share/common-lisp/ros/kinematics/srv/kinematics-srv.asd
Symlinking /home/dennis/project_ws/devel/share/common-lisp/ros/kinematics/srv/_package_MoveJoint.lisp
Symlinking /home/dennis/project_ws/devel/share/common-lisp/ros/kinematics/srv/_package.lisp
Symlinking /home/dennis/project_ws/devel/share/common-lisp/ros/kinematics/srv/MoveJoint.lisp
Symlinking /home/dennis/project_ws/devel/share/common-lisp/ros/kinematics/msg/_package_joint_angles.lisp
Symlinking /home/dennis/project_ws/devel/share/common-lisp/ros/kinematics/msg/joint_angles.lisp
Symlinking /home/dennis/project_ws/devel/share/common-lisp/ros/kinematics/msg/_package.lisp
Symlinking /home/dennis/project_ws/devel/share/common-lisp/ros/kinematics/msg/kinematics-msg.asd
Symlinking /home/dennis/project_ws/devel/share/roseus/ros/kinematics/manifest.l
Symlinking /home/dennis/project_ws/devel/share/roseus/ros/kinematics/srv/MoveJoint.l
Symlinking /home/dennis/project_ws/devel/share/roseus/ros/kinematics/msg/joint_angles.l
Symlinking /home/dennis/project_ws/devel/share/kinematics/cmake/kinematicsConfig.cmake
Symlinking /home/dennis/project_ws/devel/share/kinematics/cmake/kinematics-msg-extras.cmake
Symlinking /home/dennis/project_ws/devel/share/kinematics/cmake/kinematicsConfig-version.cmake
Symlinking /home/dennis/project_ws/devel/share/kinematics/cmake/kinematics-msg-paths.cmake
Symlinking /home/dennis/project_ws/devel/share/gennodejs/ros/kinematics/_index.js
Symlinking /home/dennis/project_ws/devel/share/gennodejs/ros/kinematics/srv/_index.js
Symlinking /home/dennis/project_ws/devel/share/gennodejs/ros/kinematics/srv/MoveJoint.js
Symlinking /home/dennis/project_ws/devel/share/gennodejs/ros/kinematics/msg/_index.js
Symlinking /home/dennis/project_ws/devel/share/gennodejs/ros/kinematics/msg/joint_angles.js
Symlinking /home/dennis/project_ws/devel/include/kinematics/MoveJointRequest.h
Symlinking /home/dennis/project_ws/devel/include/kinematics/joint_angles.h
Symlinking /home/dennis/project_ws/devel/include/kinematics/MoveJointResponse.h
Symlinking /home/dennis/project_ws/devel/include/kinematics/MoveJoint.h
