Linked: (/home/dennis/project_ws/devel/.private/kinematics/lib/pkgconfig/kinematics.pc, /home/dennis/project_ws/devel/lib/pkgconfig/kinematics.pc)
Linked: (/home/dennis/project_ws/devel/.private/kinematics/lib/python2.7/dist-packages/kinematics/__init__.py, /home/dennis/project_ws/devel/lib/python2.7/dist-packages/kinematics/__init__.py)
Linked: (/home/dennis/project_ws/devel/.private/kinematics/lib/python2.7/dist-packages/kinematics/srv/_MoveJoint.py, /home/dennis/project_ws/devel/lib/python2.7/dist-packages/kinematics/srv/_MoveJoint.py)
Linked: (/home/dennis/project_ws/devel/.private/kinematics/lib/python2.7/dist-packages/kinematics/srv/__init__.py, /home/dennis/project_ws/devel/lib/python2.7/dist-packages/kinematics/srv/__init__.py)
Linked: (/home/dennis/project_ws/devel/.private/kinematics/lib/python2.7/dist-packages/kinematics/msg/_joint_angles.py, /home/dennis/project_ws/devel/lib/python2.7/dist-packages/kinematics/msg/_joint_angles.py)
Linked: (/home/dennis/project_ws/devel/.private/kinematics/lib/python2.7/dist-packages/kinematics/msg/__init__.py, /home/dennis/project_ws/devel/lib/python2.7/dist-packages/kinematics/msg/__init__.py)
Linked: (/home/dennis/project_ws/devel/.private/kinematics/share/common-lisp/ros/kinematics/srv/kinematics-srv.asd, /home/dennis/project_ws/devel/share/common-lisp/ros/kinematics/srv/kinematics-srv.asd)
Linked: (/home/dennis/project_ws/devel/.private/kinematics/share/common-lisp/ros/kinematics/srv/_package_MoveJoint.lisp, /home/dennis/project_ws/devel/share/common-lisp/ros/kinematics/srv/_package_MoveJoint.lisp)
Linked: (/home/dennis/project_ws/devel/.private/kinematics/share/common-lisp/ros/kinematics/srv/_package.lisp, /home/dennis/project_ws/devel/share/common-lisp/ros/kinematics/srv/_package.lisp)
Linked: (/home/dennis/project_ws/devel/.private/kinematics/share/common-lisp/ros/kinematics/srv/MoveJoint.lisp, /home/dennis/project_ws/devel/share/common-lisp/ros/kinematics/srv/MoveJoint.lisp)
Linked: (/home/dennis/project_ws/devel/.private/kinematics/share/common-lisp/ros/kinematics/msg/_package_joint_angles.lisp, /home/dennis/project_ws/devel/share/common-lisp/ros/kinematics/msg/_package_joint_angles.lisp)
Linked: (/home/dennis/project_ws/devel/.private/kinematics/share/common-lisp/ros/kinematics/msg/joint_angles.lisp, /home/dennis/project_ws/devel/share/common-lisp/ros/kinematics/msg/joint_angles.lisp)
Linked: (/home/dennis/project_ws/devel/.private/kinematics/share/common-lisp/ros/kinematics/msg/_package.lisp, /home/dennis/project_ws/devel/share/common-lisp/ros/kinematics/msg/_package.lisp)
Linked: (/home/dennis/project_ws/devel/.private/kinematics/share/common-lisp/ros/kinematics/msg/kinematics-msg.asd, /home/dennis/project_ws/devel/share/common-lisp/ros/kinematics/msg/kinematics-msg.asd)
Linked: (/home/dennis/project_ws/devel/.private/kinematics/share/roseus/ros/kinematics/manifest.l, /home/dennis/project_ws/devel/share/roseus/ros/kinematics/manifest.l)
Linked: (/home/dennis/project_ws/devel/.private/kinematics/share/roseus/ros/kinematics/srv/MoveJoint.l, /home/dennis/project_ws/devel/share/roseus/ros/kinematics/srv/MoveJoint.l)
Linked: (/home/dennis/project_ws/devel/.private/kinematics/share/roseus/ros/kinematics/msg/joint_angles.l, /home/dennis/project_ws/devel/share/roseus/ros/kinematics/msg/joint_angles.l)
Linked: (/home/dennis/project_ws/devel/.private/kinematics/share/kinematics/cmake/kinematicsConfig.cmake, /home/dennis/project_ws/devel/share/kinematics/cmake/kinematicsConfig.cmake)
Linked: (/home/dennis/project_ws/devel/.private/kinematics/share/kinematics/cmake/kinematics-msg-extras.cmake, /home/dennis/project_ws/devel/share/kinematics/cmake/kinematics-msg-extras.cmake)
Linked: (/home/dennis/project_ws/devel/.private/kinematics/share/kinematics/cmake/kinematicsConfig-version.cmake, /home/dennis/project_ws/devel/share/kinematics/cmake/kinematicsConfig-version.cmake)
Linked: (/home/dennis/project_ws/devel/.private/kinematics/share/kinematics/cmake/kinematics-msg-paths.cmake, /home/dennis/project_ws/devel/share/kinematics/cmake/kinematics-msg-paths.cmake)
Linked: (/home/dennis/project_ws/devel/.private/kinematics/share/gennodejs/ros/kinematics/_index.js, /home/dennis/project_ws/devel/share/gennodejs/ros/kinematics/_index.js)
Linked: (/home/dennis/project_ws/devel/.private/kinematics/share/gennodejs/ros/kinematics/srv/_index.js, /home/dennis/project_ws/devel/share/gennodejs/ros/kinematics/srv/_index.js)
Linked: (/home/dennis/project_ws/devel/.private/kinematics/share/gennodejs/ros/kinematics/srv/MoveJoint.js, /home/dennis/project_ws/devel/share/gennodejs/ros/kinematics/srv/MoveJoint.js)
Linked: (/home/dennis/project_ws/devel/.private/kinematics/share/gennodejs/ros/kinematics/msg/_index.js, /home/dennis/project_ws/devel/share/gennodejs/ros/kinematics/msg/_index.js)
Linked: (/home/dennis/project_ws/devel/.private/kinematics/share/gennodejs/ros/kinematics/msg/joint_angles.js, /home/dennis/project_ws/devel/share/gennodejs/ros/kinematics/msg/joint_angles.js)
Linked: (/home/dennis/project_ws/devel/.private/kinematics/include/kinematics/MoveJointRequest.h, /home/dennis/project_ws/devel/include/kinematics/MoveJointRequest.h)
Linked: (/home/dennis/project_ws/devel/.private/kinematics/include/kinematics/joint_angles.h, /home/dennis/project_ws/devel/include/kinematics/joint_angles.h)
Linked: (/home/dennis/project_ws/devel/.private/kinematics/include/kinematics/MoveJointResponse.h, /home/dennis/project_ws/devel/include/kinematics/MoveJointResponse.h)
Linked: (/home/dennis/project_ws/devel/.private/kinematics/include/kinematics/MoveJoint.h, /home/dennis/project_ws/devel/include/kinematics/MoveJoint.h)
