[  0%] Built target geometry_msgs_generate_messages_cpp
[  0%] Built target _kinematics_generate_messages_check_deps_joint_angles
[  0%] Built target std_msgs_generate_messages_cpp
[  0%] Built target _kinematics_generate_messages_check_deps_MoveJoint
[  0%] Built target sensor_msgs_generate_messages_cpp
[  0%] Built target geometry_msgs_generate_messages_py
[  0%] Built target sensor_msgs_generate_messages_py
[  0%] Built target std_msgs_generate_messages_py
[  0%] Built target sensor_msgs_generate_messages_eus
[  0%] Built target std_msgs_generate_messages_eus
[  0%] Built target geometry_msgs_generate_messages_eus
[  0%] Built target sensor_msgs_generate_messages_lisp
[  0%] Built target std_msgs_generate_messages_lisp
[  0%] Built target geometry_msgs_generate_messages_lisp
[  0%] Built target sensor_msgs_generate_messages_nodejs
[  0%] Built target std_msgs_generate_messages_nodejs
[  0%] Built target geometry_msgs_generate_messages_nodejs
[ 15%] Built target kinematics_generate_messages_cpp
[ 46%] Built target kinematics_generate_messages_py
[ 69%] Built target kinematics_generate_messages_eus
[ 84%] Built target kinematics_generate_messages_lisp
[100%] Built target kinematics_generate_messages_nodejs
[100%] Built target kinematics_generate_messages
